[2026-03-30T14:51:39.173+0000] {taskinstance.py:1956} INFO - Dependencies all met for dep_context=non-requeueable deps ti=<TaskInstance: sensor_pipeline.spark_analyze_data manual__2026-03-30T14:49:42.456776+00:00 [queued]>
[2026-03-30T14:51:39.196+0000] {taskinstance.py:1956} INFO - Dependencies all met for dep_context=requeueable deps ti=<TaskInstance: sensor_pipeline.spark_analyze_data manual__2026-03-30T14:49:42.456776+00:00 [queued]>
[2026-03-30T14:51:39.197+0000] {taskinstance.py:2170} INFO - Starting attempt 1 of 1
[2026-03-30T14:51:39.230+0000] {taskinstance.py:2191} INFO - Executing <Task(BashOperator): spark_analyze_data> on 2026-03-30 14:49:42.456776+00:00
[2026-03-30T14:51:39.241+0000] {standard_task_runner.py:60} INFO - Started process 571 to run task
[2026-03-30T14:51:39.245+0000] {standard_task_runner.py:87} INFO - Running: ['***', 'tasks', 'run', 'sensor_pipeline', 'spark_analyze_data', 'manual__2026-03-30T14:49:42.456776+00:00', '--job-id', '5', '--raw', '--subdir', 'DAGS_FOLDER/sensor_pipeline_dag.py', '--cfg-path', '/tmp/tmptqo4spr9']
[2026-03-30T14:51:39.249+0000] {standard_task_runner.py:88} INFO - Job 5: Subtask spark_analyze_data
[2026-03-30T14:51:39.359+0000] {task_command.py:423} INFO - Running <TaskInstance: sensor_pipeline.spark_analyze_data manual__2026-03-30T14:49:42.456776+00:00 [running]> on host 0927b5195af5
[2026-03-30T14:51:39.494+0000] {taskinstance.py:2480} INFO - Exporting env vars: AIRFLOW_CTX_DAG_OWNER='***' AIRFLOW_CTX_DAG_ID='sensor_pipeline' AIRFLOW_CTX_TASK_ID='spark_analyze_data' AIRFLOW_CTX_EXECUTION_DATE='2026-03-30T14:49:42.456776+00:00' AIRFLOW_CTX_TRY_NUMBER='1' AIRFLOW_CTX_DAG_RUN_ID='manual__2026-03-30T14:49:42.456776+00:00'
[2026-03-30T14:51:39.496+0000] {subprocess.py:63} INFO - Tmp dir root location: /tmp
[2026-03-30T14:51:39.497+0000] {subprocess.py:75} INFO - Running command: ['/usr/bin/bash', '-c', 'python3 /opt/***/scripts/analyze_data.py']
[2026-03-30T14:51:39.510+0000] {subprocess.py:86} INFO - Output:
[2026-03-30T14:51:39.985+0000] {subprocess.py:93} INFO - /opt/spark/bin/load-spark-env.sh: line 68: ps: command not found
[2026-03-30T14:51:43.412+0000] {subprocess.py:93} INFO - Setting default log level to "WARN".
[2026-03-30T14:51:43.413+0000] {subprocess.py:93} INFO - To adjust logging level use sc.setLogLevel(newLevel). For SparkR, use setLogLevel(newLevel).
[2026-03-30T14:51:43.849+0000] {subprocess.py:93} INFO - 26/03/30 14:51:43 WARN NativeCodeLoader: Unable to load native-hadoop library for your platform... using builtin-java classes where applicable
[2026-03-30T14:51:59.685+0000] {subprocess.py:93} INFO - [Stage 0:>                                                          (0 + 1) / 1]                                                                                [Stage 1:>                                                          (0 + 8) / 8]                                                                                [Stage 8:>                                                          (0 + 1) / 1]                                                                                Analysis Complete: Summary generated.
[2026-03-30T14:52:00.377+0000] {subprocess.py:97} INFO - Command exited with return code 0
[2026-03-30T14:52:00.418+0000] {taskinstance.py:1138} INFO - Marking task as SUCCESS. dag_id=sensor_pipeline, task_id=spark_analyze_data, execution_date=20260330T144942, start_date=20260330T145139, end_date=20260330T145200
[2026-03-30T14:52:00.486+0000] {local_task_job_runner.py:234} INFO - Task exited with return code 0
[2026-03-30T14:52:00.515+0000] {taskinstance.py:3280} INFO - 1 downstream tasks scheduled from follow-on schedule check
