[2026-03-30T14:47:20.376+0000] {processor.py:161} INFO - Started process (PID=210) to work on /opt/airflow/dags/sensor_pipeline_dag.py
[2026-03-30T14:47:20.385+0000] {processor.py:830} INFO - Processing file /opt/airflow/dags/sensor_pipeline_dag.py for tasks to queue
[2026-03-30T14:47:20.388+0000] {logging_mixin.py:188} INFO - [2026-03-30T14:47:20.387+0000] {dagbag.py:538} INFO - Filling up the DagBag from /opt/airflow/dags/sensor_pipeline_dag.py
[2026-03-30T14:47:20.471+0000] {processor.py:840} INFO - DAG(s) 'sensor_pipeline' retrieved from /opt/airflow/dags/sensor_pipeline_dag.py
[2026-03-30T14:47:20.601+0000] {logging_mixin.py:188} INFO - [2026-03-30T14:47:20.600+0000] {dag.py:3036} INFO - Sync 1 DAGs
[2026-03-30T14:47:20.661+0000] {logging_mixin.py:188} INFO - [2026-03-30T14:47:20.661+0000] {dag.py:3823} INFO - Setting next_dagrun for sensor_pipeline to None, run_after=None
[2026-03-30T14:47:20.731+0000] {processor.py:183} INFO - Processing /opt/airflow/dags/sensor_pipeline_dag.py took 0.394 seconds
[2026-03-30T14:47:50.903+0000] {processor.py:161} INFO - Started process (PID=233) to work on /opt/airflow/dags/sensor_pipeline_dag.py
[2026-03-30T14:47:50.910+0000] {processor.py:830} INFO - Processing file /opt/airflow/dags/sensor_pipeline_dag.py for tasks to queue
[2026-03-30T14:47:50.913+0000] {logging_mixin.py:188} INFO - [2026-03-30T14:47:50.912+0000] {dagbag.py:538} INFO - Filling up the DagBag from /opt/airflow/dags/sensor_pipeline_dag.py
[2026-03-30T14:47:50.940+0000] {processor.py:840} INFO - DAG(s) 'sensor_pipeline' retrieved from /opt/airflow/dags/sensor_pipeline_dag.py
[2026-03-30T14:47:51.106+0000] {logging_mixin.py:188} INFO - [2026-03-30T14:47:51.106+0000] {dag.py:3036} INFO - Sync 1 DAGs
[2026-03-30T14:47:51.120+0000] {logging_mixin.py:188} INFO - [2026-03-30T14:47:51.119+0000] {dag.py:3823} INFO - Setting next_dagrun for sensor_pipeline to None, run_after=None
[2026-03-30T14:47:51.147+0000] {processor.py:183} INFO - Processing /opt/airflow/dags/sensor_pipeline_dag.py took 0.257 seconds
[2026-03-30T14:48:21.359+0000] {processor.py:161} INFO - Started process (PID=249) to work on /opt/airflow/dags/sensor_pipeline_dag.py
[2026-03-30T14:48:21.371+0000] {processor.py:830} INFO - Processing file /opt/airflow/dags/sensor_pipeline_dag.py for tasks to queue
[2026-03-30T14:48:21.375+0000] {logging_mixin.py:188} INFO - [2026-03-30T14:48:21.373+0000] {dagbag.py:538} INFO - Filling up the DagBag from /opt/airflow/dags/sensor_pipeline_dag.py
[2026-03-30T14:48:21.407+0000] {processor.py:840} INFO - DAG(s) 'sensor_pipeline' retrieved from /opt/airflow/dags/sensor_pipeline_dag.py
[2026-03-30T14:48:21.487+0000] {logging_mixin.py:188} INFO - [2026-03-30T14:48:21.487+0000] {dag.py:3036} INFO - Sync 1 DAGs
[2026-03-30T14:48:21.534+0000] {logging_mixin.py:188} INFO - [2026-03-30T14:48:21.534+0000] {dag.py:3823} INFO - Setting next_dagrun for sensor_pipeline to None, run_after=None
[2026-03-30T14:48:21.569+0000] {processor.py:183} INFO - Processing /opt/airflow/dags/sensor_pipeline_dag.py took 0.222 seconds
[2026-03-30T14:48:51.735+0000] {processor.py:161} INFO - Started process (PID=262) to work on /opt/airflow/dags/sensor_pipeline_dag.py
[2026-03-30T14:48:51.736+0000] {processor.py:830} INFO - Processing file /opt/airflow/dags/sensor_pipeline_dag.py for tasks to queue
[2026-03-30T14:48:51.737+0000] {logging_mixin.py:188} INFO - [2026-03-30T14:48:51.737+0000] {dagbag.py:538} INFO - Filling up the DagBag from /opt/airflow/dags/sensor_pipeline_dag.py
[2026-03-30T14:48:51.752+0000] {processor.py:840} INFO - DAG(s) 'sensor_pipeline' retrieved from /opt/airflow/dags/sensor_pipeline_dag.py
[2026-03-30T14:48:51.799+0000] {logging_mixin.py:188} INFO - [2026-03-30T14:48:51.799+0000] {dag.py:3036} INFO - Sync 1 DAGs
[2026-03-30T14:48:51.821+0000] {logging_mixin.py:188} INFO - [2026-03-30T14:48:51.821+0000] {dag.py:3823} INFO - Setting next_dagrun for sensor_pipeline to None, run_after=None
[2026-03-30T14:48:51.853+0000] {processor.py:183} INFO - Processing /opt/airflow/dags/sensor_pipeline_dag.py took 0.122 seconds
[2026-03-30T14:49:22.023+0000] {processor.py:161} INFO - Started process (PID=275) to work on /opt/airflow/dags/sensor_pipeline_dag.py
[2026-03-30T14:49:22.049+0000] {processor.py:830} INFO - Processing file /opt/airflow/dags/sensor_pipeline_dag.py for tasks to queue
[2026-03-30T14:49:22.054+0000] {logging_mixin.py:188} INFO - [2026-03-30T14:49:22.052+0000] {dagbag.py:538} INFO - Filling up the DagBag from /opt/airflow/dags/sensor_pipeline_dag.py
[2026-03-30T14:49:22.139+0000] {processor.py:840} INFO - DAG(s) 'sensor_pipeline' retrieved from /opt/airflow/dags/sensor_pipeline_dag.py
[2026-03-30T14:49:22.245+0000] {logging_mixin.py:188} INFO - [2026-03-30T14:49:22.245+0000] {dag.py:3036} INFO - Sync 1 DAGs
[2026-03-30T14:49:22.287+0000] {logging_mixin.py:188} INFO - [2026-03-30T14:49:22.287+0000] {dag.py:3823} INFO - Setting next_dagrun for sensor_pipeline to None, run_after=None
[2026-03-30T14:49:22.341+0000] {processor.py:183} INFO - Processing /opt/airflow/dags/sensor_pipeline_dag.py took 0.329 seconds
[2026-03-30T14:49:52.631+0000] {processor.py:161} INFO - Started process (PID=290) to work on /opt/airflow/dags/sensor_pipeline_dag.py
[2026-03-30T14:49:52.639+0000] {processor.py:830} INFO - Processing file /opt/airflow/dags/sensor_pipeline_dag.py for tasks to queue
[2026-03-30T14:49:52.646+0000] {logging_mixin.py:188} INFO - [2026-03-30T14:49:52.644+0000] {dagbag.py:538} INFO - Filling up the DagBag from /opt/airflow/dags/sensor_pipeline_dag.py
[2026-03-30T14:49:52.765+0000] {processor.py:840} INFO - DAG(s) 'sensor_pipeline' retrieved from /opt/airflow/dags/sensor_pipeline_dag.py
[2026-03-30T14:49:53.064+0000] {logging_mixin.py:188} INFO - [2026-03-30T14:49:53.062+0000] {dag.py:3036} INFO - Sync 1 DAGs
[2026-03-30T14:49:53.152+0000] {logging_mixin.py:188} INFO - [2026-03-30T14:49:53.152+0000] {dag.py:3823} INFO - Setting next_dagrun for sensor_pipeline to None, run_after=None
[2026-03-30T14:49:53.208+0000] {processor.py:183} INFO - Processing /opt/airflow/dags/sensor_pipeline_dag.py took 0.642 seconds
[2026-03-30T14:50:23.382+0000] {processor.py:161} INFO - Started process (PID=301) to work on /opt/airflow/dags/sensor_pipeline_dag.py
[2026-03-30T14:50:23.383+0000] {processor.py:830} INFO - Processing file /opt/airflow/dags/sensor_pipeline_dag.py for tasks to queue
[2026-03-30T14:50:23.384+0000] {logging_mixin.py:188} INFO - [2026-03-30T14:50:23.384+0000] {dagbag.py:538} INFO - Filling up the DagBag from /opt/airflow/dags/sensor_pipeline_dag.py
[2026-03-30T14:50:23.404+0000] {processor.py:840} INFO - DAG(s) 'sensor_pipeline' retrieved from /opt/airflow/dags/sensor_pipeline_dag.py
[2026-03-30T14:50:23.456+0000] {logging_mixin.py:188} INFO - [2026-03-30T14:50:23.455+0000] {dag.py:3036} INFO - Sync 1 DAGs
[2026-03-30T14:50:23.474+0000] {logging_mixin.py:188} INFO - [2026-03-30T14:50:23.473+0000] {dag.py:3823} INFO - Setting next_dagrun for sensor_pipeline to None, run_after=None
[2026-03-30T14:50:23.517+0000] {processor.py:183} INFO - Processing /opt/airflow/dags/sensor_pipeline_dag.py took 0.141 seconds
[2026-03-30T14:50:53.734+0000] {processor.py:161} INFO - Started process (PID=441) to work on /opt/airflow/dags/sensor_pipeline_dag.py
[2026-03-30T14:50:53.751+0000] {processor.py:830} INFO - Processing file /opt/airflow/dags/sensor_pipeline_dag.py for tasks to queue
[2026-03-30T14:50:53.775+0000] {logging_mixin.py:188} INFO - [2026-03-30T14:50:53.774+0000] {dagbag.py:538} INFO - Filling up the DagBag from /opt/airflow/dags/sensor_pipeline_dag.py
[2026-03-30T14:50:53.931+0000] {processor.py:840} INFO - DAG(s) 'sensor_pipeline' retrieved from /opt/airflow/dags/sensor_pipeline_dag.py
[2026-03-30T14:50:54.117+0000] {logging_mixin.py:188} INFO - [2026-03-30T14:50:54.116+0000] {dag.py:3036} INFO - Sync 1 DAGs
[2026-03-30T14:50:54.180+0000] {logging_mixin.py:188} INFO - [2026-03-30T14:50:54.180+0000] {dag.py:3823} INFO - Setting next_dagrun for sensor_pipeline to None, run_after=None
[2026-03-30T14:50:54.261+0000] {processor.py:183} INFO - Processing /opt/airflow/dags/sensor_pipeline_dag.py took 0.561 seconds
[2026-03-30T14:51:25.601+0000] {processor.py:161} INFO - Started process (PID=509) to work on /opt/airflow/dags/sensor_pipeline_dag.py
[2026-03-30T14:51:25.669+0000] {processor.py:830} INFO - Processing file /opt/airflow/dags/sensor_pipeline_dag.py for tasks to queue
[2026-03-30T14:51:25.762+0000] {logging_mixin.py:188} INFO - [2026-03-30T14:51:25.731+0000] {dagbag.py:538} INFO - Filling up the DagBag from /opt/airflow/dags/sensor_pipeline_dag.py
[2026-03-30T14:51:27.073+0000] {processor.py:840} INFO - DAG(s) 'sensor_pipeline' retrieved from /opt/airflow/dags/sensor_pipeline_dag.py
[2026-03-30T14:51:27.671+0000] {logging_mixin.py:188} INFO - [2026-03-30T14:51:27.669+0000] {dag.py:3036} INFO - Sync 1 DAGs
[2026-03-30T14:51:28.871+0000] {logging_mixin.py:188} INFO - [2026-03-30T14:51:28.870+0000] {dag.py:3823} INFO - Setting next_dagrun for sensor_pipeline to None, run_after=None
[2026-03-30T14:51:29.585+0000] {processor.py:183} INFO - Processing /opt/airflow/dags/sensor_pipeline_dag.py took 4.317 seconds
[2026-03-30T14:51:59.960+0000] {processor.py:161} INFO - Started process (PID=796) to work on /opt/airflow/dags/sensor_pipeline_dag.py
[2026-03-30T14:51:59.965+0000] {processor.py:830} INFO - Processing file /opt/airflow/dags/sensor_pipeline_dag.py for tasks to queue
[2026-03-30T14:51:59.966+0000] {logging_mixin.py:188} INFO - [2026-03-30T14:51:59.966+0000] {dagbag.py:538} INFO - Filling up the DagBag from /opt/airflow/dags/sensor_pipeline_dag.py
[2026-03-30T14:52:00.046+0000] {processor.py:840} INFO - DAG(s) 'sensor_pipeline' retrieved from /opt/airflow/dags/sensor_pipeline_dag.py
[2026-03-30T14:52:00.130+0000] {logging_mixin.py:188} INFO - [2026-03-30T14:52:00.130+0000] {dag.py:3036} INFO - Sync 1 DAGs
[2026-03-30T14:52:00.153+0000] {logging_mixin.py:188} INFO - [2026-03-30T14:52:00.153+0000] {dag.py:3823} INFO - Setting next_dagrun for sensor_pipeline to None, run_after=None
[2026-03-30T14:52:00.189+0000] {processor.py:183} INFO - Processing /opt/airflow/dags/sensor_pipeline_dag.py took 0.242 seconds
[2026-03-30T14:52:30.360+0000] {processor.py:161} INFO - Started process (PID=811) to work on /opt/airflow/dags/sensor_pipeline_dag.py
[2026-03-30T14:52:30.362+0000] {processor.py:830} INFO - Processing file /opt/airflow/dags/sensor_pipeline_dag.py for tasks to queue
[2026-03-30T14:52:30.363+0000] {logging_mixin.py:188} INFO - [2026-03-30T14:52:30.362+0000] {dagbag.py:538} INFO - Filling up the DagBag from /opt/airflow/dags/sensor_pipeline_dag.py
[2026-03-30T14:52:30.378+0000] {processor.py:840} INFO - DAG(s) 'sensor_pipeline' retrieved from /opt/airflow/dags/sensor_pipeline_dag.py
[2026-03-30T14:52:30.415+0000] {logging_mixin.py:188} INFO - [2026-03-30T14:52:30.414+0000] {dag.py:3036} INFO - Sync 1 DAGs
[2026-03-30T14:52:30.431+0000] {logging_mixin.py:188} INFO - [2026-03-30T14:52:30.430+0000] {dag.py:3823} INFO - Setting next_dagrun for sensor_pipeline to None, run_after=None
[2026-03-30T14:52:30.457+0000] {processor.py:183} INFO - Processing /opt/airflow/dags/sensor_pipeline_dag.py took 0.102 seconds
[2026-03-30T14:53:00.509+0000] {processor.py:161} INFO - Started process (PID=823) to work on /opt/airflow/dags/sensor_pipeline_dag.py
[2026-03-30T14:53:00.511+0000] {processor.py:830} INFO - Processing file /opt/airflow/dags/sensor_pipeline_dag.py for tasks to queue
[2026-03-30T14:53:00.512+0000] {logging_mixin.py:188} INFO - [2026-03-30T14:53:00.512+0000] {dagbag.py:538} INFO - Filling up the DagBag from /opt/airflow/dags/sensor_pipeline_dag.py
[2026-03-30T14:53:00.532+0000] {processor.py:840} INFO - DAG(s) 'sensor_pipeline' retrieved from /opt/airflow/dags/sensor_pipeline_dag.py
[2026-03-30T14:53:00.596+0000] {logging_mixin.py:188} INFO - [2026-03-30T14:53:00.596+0000] {dag.py:3036} INFO - Sync 1 DAGs
[2026-03-30T14:53:00.632+0000] {logging_mixin.py:188} INFO - [2026-03-30T14:53:00.632+0000] {dag.py:3823} INFO - Setting next_dagrun for sensor_pipeline to None, run_after=None
[2026-03-30T14:53:00.699+0000] {processor.py:183} INFO - Processing /opt/airflow/dags/sensor_pipeline_dag.py took 0.197 seconds
[2026-03-30T14:53:31.154+0000] {processor.py:161} INFO - Started process (PID=835) to work on /opt/airflow/dags/sensor_pipeline_dag.py
[2026-03-30T14:53:31.176+0000] {processor.py:830} INFO - Processing file /opt/airflow/dags/sensor_pipeline_dag.py for tasks to queue
[2026-03-30T14:53:31.178+0000] {logging_mixin.py:188} INFO - [2026-03-30T14:53:31.178+0000] {dagbag.py:538} INFO - Filling up the DagBag from /opt/airflow/dags/sensor_pipeline_dag.py
[2026-03-30T14:53:31.329+0000] {processor.py:840} INFO - DAG(s) 'sensor_pipeline' retrieved from /opt/airflow/dags/sensor_pipeline_dag.py
[2026-03-30T14:53:31.621+0000] {logging_mixin.py:188} INFO - [2026-03-30T14:53:31.620+0000] {dag.py:3036} INFO - Sync 1 DAGs
[2026-03-30T14:53:31.700+0000] {logging_mixin.py:188} INFO - [2026-03-30T14:53:31.700+0000] {dag.py:3823} INFO - Setting next_dagrun for sensor_pipeline to None, run_after=None
[2026-03-30T14:53:31.902+0000] {processor.py:183} INFO - Processing /opt/airflow/dags/sensor_pipeline_dag.py took 0.772 seconds
[2026-03-30T14:54:02.136+0000] {processor.py:161} INFO - Started process (PID=847) to work on /opt/airflow/dags/sensor_pipeline_dag.py
[2026-03-30T14:54:02.139+0000] {processor.py:830} INFO - Processing file /opt/airflow/dags/sensor_pipeline_dag.py for tasks to queue
[2026-03-30T14:54:02.141+0000] {logging_mixin.py:188} INFO - [2026-03-30T14:54:02.140+0000] {dagbag.py:538} INFO - Filling up the DagBag from /opt/airflow/dags/sensor_pipeline_dag.py
[2026-03-30T14:54:02.164+0000] {processor.py:840} INFO - DAG(s) 'sensor_pipeline' retrieved from /opt/airflow/dags/sensor_pipeline_dag.py
[2026-03-30T14:54:02.210+0000] {logging_mixin.py:188} INFO - [2026-03-30T14:54:02.210+0000] {dag.py:3036} INFO - Sync 1 DAGs
[2026-03-30T14:54:02.232+0000] {logging_mixin.py:188} INFO - [2026-03-30T14:54:02.231+0000] {dag.py:3823} INFO - Setting next_dagrun for sensor_pipeline to None, run_after=None
[2026-03-30T14:54:02.272+0000] {processor.py:183} INFO - Processing /opt/airflow/dags/sensor_pipeline_dag.py took 0.149 seconds
[2026-03-30T14:54:32.374+0000] {processor.py:161} INFO - Started process (PID=859) to work on /opt/airflow/dags/sensor_pipeline_dag.py
[2026-03-30T14:54:32.379+0000] {processor.py:830} INFO - Processing file /opt/airflow/dags/sensor_pipeline_dag.py for tasks to queue
[2026-03-30T14:54:32.381+0000] {logging_mixin.py:188} INFO - [2026-03-30T14:54:32.380+0000] {dagbag.py:538} INFO - Filling up the DagBag from /opt/airflow/dags/sensor_pipeline_dag.py
[2026-03-30T14:54:32.404+0000] {processor.py:840} INFO - DAG(s) 'sensor_pipeline' retrieved from /opt/airflow/dags/sensor_pipeline_dag.py
[2026-03-30T14:54:32.463+0000] {logging_mixin.py:188} INFO - [2026-03-30T14:54:32.463+0000] {dag.py:3036} INFO - Sync 1 DAGs
[2026-03-30T14:54:32.489+0000] {logging_mixin.py:188} INFO - [2026-03-30T14:54:32.488+0000] {dag.py:3823} INFO - Setting next_dagrun for sensor_pipeline to None, run_after=None
[2026-03-30T14:54:32.524+0000] {processor.py:183} INFO - Processing /opt/airflow/dags/sensor_pipeline_dag.py took 0.165 seconds
[2026-03-30T14:55:02.586+0000] {processor.py:161} INFO - Started process (PID=871) to work on /opt/airflow/dags/sensor_pipeline_dag.py
[2026-03-30T14:55:02.588+0000] {processor.py:830} INFO - Processing file /opt/airflow/dags/sensor_pipeline_dag.py for tasks to queue
[2026-03-30T14:55:02.589+0000] {logging_mixin.py:188} INFO - [2026-03-30T14:55:02.588+0000] {dagbag.py:538} INFO - Filling up the DagBag from /opt/airflow/dags/sensor_pipeline_dag.py
[2026-03-30T14:55:02.604+0000] {processor.py:840} INFO - DAG(s) 'sensor_pipeline' retrieved from /opt/airflow/dags/sensor_pipeline_dag.py
[2026-03-30T14:55:02.642+0000] {logging_mixin.py:188} INFO - [2026-03-30T14:55:02.642+0000] {dag.py:3036} INFO - Sync 1 DAGs
[2026-03-30T14:55:02.654+0000] {logging_mixin.py:188} INFO - [2026-03-30T14:55:02.653+0000] {dag.py:3823} INFO - Setting next_dagrun for sensor_pipeline to None, run_after=None
[2026-03-30T14:55:02.677+0000] {processor.py:183} INFO - Processing /opt/airflow/dags/sensor_pipeline_dag.py took 0.095 seconds
[2026-03-30T14:55:32.811+0000] {processor.py:161} INFO - Started process (PID=883) to work on /opt/airflow/dags/sensor_pipeline_dag.py
[2026-03-30T14:55:32.815+0000] {processor.py:830} INFO - Processing file /opt/airflow/dags/sensor_pipeline_dag.py for tasks to queue
[2026-03-30T14:55:32.817+0000] {logging_mixin.py:188} INFO - [2026-03-30T14:55:32.816+0000] {dagbag.py:538} INFO - Filling up the DagBag from /opt/airflow/dags/sensor_pipeline_dag.py
[2026-03-30T14:55:32.837+0000] {processor.py:840} INFO - DAG(s) 'sensor_pipeline' retrieved from /opt/airflow/dags/sensor_pipeline_dag.py
[2026-03-30T14:55:32.887+0000] {logging_mixin.py:188} INFO - [2026-03-30T14:55:32.886+0000] {dag.py:3036} INFO - Sync 1 DAGs
[2026-03-30T14:55:32.910+0000] {logging_mixin.py:188} INFO - [2026-03-30T14:55:32.910+0000] {dag.py:3823} INFO - Setting next_dagrun for sensor_pipeline to None, run_after=None
[2026-03-30T14:55:32.949+0000] {processor.py:183} INFO - Processing /opt/airflow/dags/sensor_pipeline_dag.py took 0.145 seconds
[2026-03-30T14:56:03.099+0000] {processor.py:161} INFO - Started process (PID=896) to work on /opt/airflow/dags/sensor_pipeline_dag.py
[2026-03-30T14:56:03.104+0000] {processor.py:830} INFO - Processing file /opt/airflow/dags/sensor_pipeline_dag.py for tasks to queue
[2026-03-30T14:56:03.107+0000] {logging_mixin.py:188} INFO - [2026-03-30T14:56:03.107+0000] {dagbag.py:538} INFO - Filling up the DagBag from /opt/airflow/dags/sensor_pipeline_dag.py
[2026-03-30T14:56:03.121+0000] {processor.py:840} INFO - DAG(s) 'sensor_pipeline' retrieved from /opt/airflow/dags/sensor_pipeline_dag.py
[2026-03-30T14:56:03.150+0000] {logging_mixin.py:188} INFO - [2026-03-30T14:56:03.150+0000] {dag.py:3036} INFO - Sync 1 DAGs
[2026-03-30T14:56:03.160+0000] {logging_mixin.py:188} INFO - [2026-03-30T14:56:03.160+0000] {dag.py:3823} INFO - Setting next_dagrun for sensor_pipeline to None, run_after=None
[2026-03-30T14:56:03.181+0000] {processor.py:183} INFO - Processing /opt/airflow/dags/sensor_pipeline_dag.py took 0.088 seconds
[2026-03-30T14:56:33.248+0000] {processor.py:161} INFO - Started process (PID=908) to work on /opt/airflow/dags/sensor_pipeline_dag.py
[2026-03-30T14:56:33.250+0000] {processor.py:830} INFO - Processing file /opt/airflow/dags/sensor_pipeline_dag.py for tasks to queue
[2026-03-30T14:56:33.251+0000] {logging_mixin.py:188} INFO - [2026-03-30T14:56:33.250+0000] {dagbag.py:538} INFO - Filling up the DagBag from /opt/airflow/dags/sensor_pipeline_dag.py
[2026-03-30T14:56:33.279+0000] {processor.py:840} INFO - DAG(s) 'sensor_pipeline' retrieved from /opt/airflow/dags/sensor_pipeline_dag.py
[2026-03-30T14:56:33.324+0000] {logging_mixin.py:188} INFO - [2026-03-30T14:56:33.324+0000] {dag.py:3036} INFO - Sync 1 DAGs
[2026-03-30T14:56:33.344+0000] {logging_mixin.py:188} INFO - [2026-03-30T14:56:33.344+0000] {dag.py:3823} INFO - Setting next_dagrun for sensor_pipeline to None, run_after=None
[2026-03-30T14:56:33.370+0000] {processor.py:183} INFO - Processing /opt/airflow/dags/sensor_pipeline_dag.py took 0.126 seconds
[2026-03-30T14:57:03.544+0000] {processor.py:161} INFO - Started process (PID=921) to work on /opt/airflow/dags/sensor_pipeline_dag.py
[2026-03-30T14:57:03.550+0000] {processor.py:830} INFO - Processing file /opt/airflow/dags/sensor_pipeline_dag.py for tasks to queue
[2026-03-30T14:57:03.552+0000] {logging_mixin.py:188} INFO - [2026-03-30T14:57:03.551+0000] {dagbag.py:538} INFO - Filling up the DagBag from /opt/airflow/dags/sensor_pipeline_dag.py
[2026-03-30T14:57:03.591+0000] {processor.py:840} INFO - DAG(s) 'sensor_pipeline' retrieved from /opt/airflow/dags/sensor_pipeline_dag.py
[2026-03-30T14:57:03.647+0000] {logging_mixin.py:188} INFO - [2026-03-30T14:57:03.647+0000] {dag.py:3036} INFO - Sync 1 DAGs
[2026-03-30T14:57:03.685+0000] {logging_mixin.py:188} INFO - [2026-03-30T14:57:03.685+0000] {dag.py:3823} INFO - Setting next_dagrun for sensor_pipeline to None, run_after=None
[2026-03-30T14:57:03.722+0000] {processor.py:183} INFO - Processing /opt/airflow/dags/sensor_pipeline_dag.py took 0.203 seconds
[2026-03-30T14:57:33.902+0000] {processor.py:161} INFO - Started process (PID=933) to work on /opt/airflow/dags/sensor_pipeline_dag.py
[2026-03-30T14:57:33.905+0000] {processor.py:830} INFO - Processing file /opt/airflow/dags/sensor_pipeline_dag.py for tasks to queue
[2026-03-30T14:57:33.907+0000] {logging_mixin.py:188} INFO - [2026-03-30T14:57:33.907+0000] {dagbag.py:538} INFO - Filling up the DagBag from /opt/airflow/dags/sensor_pipeline_dag.py
[2026-03-30T14:57:33.938+0000] {processor.py:840} INFO - DAG(s) 'sensor_pipeline' retrieved from /opt/airflow/dags/sensor_pipeline_dag.py
[2026-03-30T14:57:33.997+0000] {logging_mixin.py:188} INFO - [2026-03-30T14:57:33.996+0000] {dag.py:3036} INFO - Sync 1 DAGs
[2026-03-30T14:57:34.017+0000] {logging_mixin.py:188} INFO - [2026-03-30T14:57:34.016+0000] {dag.py:3823} INFO - Setting next_dagrun for sensor_pipeline to None, run_after=None
[2026-03-30T14:57:34.072+0000] {processor.py:183} INFO - Processing /opt/airflow/dags/sensor_pipeline_dag.py took 0.177 seconds
[2026-03-30T14:58:04.219+0000] {processor.py:161} INFO - Started process (PID=945) to work on /opt/airflow/dags/sensor_pipeline_dag.py
[2026-03-30T14:58:04.221+0000] {processor.py:830} INFO - Processing file /opt/airflow/dags/sensor_pipeline_dag.py for tasks to queue
[2026-03-30T14:58:04.222+0000] {logging_mixin.py:188} INFO - [2026-03-30T14:58:04.221+0000] {dagbag.py:538} INFO - Filling up the DagBag from /opt/airflow/dags/sensor_pipeline_dag.py
[2026-03-30T14:58:04.236+0000] {processor.py:840} INFO - DAG(s) 'sensor_pipeline' retrieved from /opt/airflow/dags/sensor_pipeline_dag.py
[2026-03-30T14:58:04.264+0000] {logging_mixin.py:188} INFO - [2026-03-30T14:58:04.264+0000] {dag.py:3036} INFO - Sync 1 DAGs
[2026-03-30T14:58:04.277+0000] {logging_mixin.py:188} INFO - [2026-03-30T14:58:04.276+0000] {dag.py:3823} INFO - Setting next_dagrun for sensor_pipeline to None, run_after=None
[2026-03-30T14:58:04.300+0000] {processor.py:183} INFO - Processing /opt/airflow/dags/sensor_pipeline_dag.py took 0.085 seconds
[2026-03-30T14:58:34.367+0000] {processor.py:161} INFO - Started process (PID=957) to work on /opt/airflow/dags/sensor_pipeline_dag.py
[2026-03-30T14:58:34.369+0000] {processor.py:830} INFO - Processing file /opt/airflow/dags/sensor_pipeline_dag.py for tasks to queue
[2026-03-30T14:58:34.371+0000] {logging_mixin.py:188} INFO - [2026-03-30T14:58:34.369+0000] {dagbag.py:538} INFO - Filling up the DagBag from /opt/airflow/dags/sensor_pipeline_dag.py
[2026-03-30T14:58:34.394+0000] {processor.py:840} INFO - DAG(s) 'sensor_pipeline' retrieved from /opt/airflow/dags/sensor_pipeline_dag.py
[2026-03-30T14:58:34.450+0000] {logging_mixin.py:188} INFO - [2026-03-30T14:58:34.450+0000] {dag.py:3036} INFO - Sync 1 DAGs
[2026-03-30T14:58:34.468+0000] {logging_mixin.py:188} INFO - [2026-03-30T14:58:34.468+0000] {dag.py:3823} INFO - Setting next_dagrun for sensor_pipeline to None, run_after=None
[2026-03-30T14:58:34.500+0000] {processor.py:183} INFO - Processing /opt/airflow/dags/sensor_pipeline_dag.py took 0.139 seconds
[2026-03-30T14:59:04.704+0000] {processor.py:161} INFO - Started process (PID=969) to work on /opt/airflow/dags/sensor_pipeline_dag.py
[2026-03-30T14:59:04.707+0000] {processor.py:830} INFO - Processing file /opt/airflow/dags/sensor_pipeline_dag.py for tasks to queue
[2026-03-30T14:59:04.708+0000] {logging_mixin.py:188} INFO - [2026-03-30T14:59:04.708+0000] {dagbag.py:538} INFO - Filling up the DagBag from /opt/airflow/dags/sensor_pipeline_dag.py
[2026-03-30T14:59:04.724+0000] {processor.py:840} INFO - DAG(s) 'sensor_pipeline' retrieved from /opt/airflow/dags/sensor_pipeline_dag.py
[2026-03-30T14:59:04.792+0000] {logging_mixin.py:188} INFO - [2026-03-30T14:59:04.792+0000] {dag.py:3036} INFO - Sync 1 DAGs
[2026-03-30T14:59:04.805+0000] {logging_mixin.py:188} INFO - [2026-03-30T14:59:04.805+0000] {dag.py:3823} INFO - Setting next_dagrun for sensor_pipeline to None, run_after=None
[2026-03-30T14:59:04.827+0000] {processor.py:183} INFO - Processing /opt/airflow/dags/sensor_pipeline_dag.py took 0.128 seconds
[2026-03-30T14:59:34.966+0000] {processor.py:161} INFO - Started process (PID=981) to work on /opt/airflow/dags/sensor_pipeline_dag.py
[2026-03-30T14:59:34.968+0000] {processor.py:830} INFO - Processing file /opt/airflow/dags/sensor_pipeline_dag.py for tasks to queue
[2026-03-30T14:59:34.969+0000] {logging_mixin.py:188} INFO - [2026-03-30T14:59:34.969+0000] {dagbag.py:538} INFO - Filling up the DagBag from /opt/airflow/dags/sensor_pipeline_dag.py
[2026-03-30T14:59:34.982+0000] {processor.py:840} INFO - DAG(s) 'sensor_pipeline' retrieved from /opt/airflow/dags/sensor_pipeline_dag.py
[2026-03-30T14:59:35.022+0000] {logging_mixin.py:188} INFO - [2026-03-30T14:59:35.021+0000] {dag.py:3036} INFO - Sync 1 DAGs
[2026-03-30T14:59:35.040+0000] {logging_mixin.py:188} INFO - [2026-03-30T14:59:35.039+0000] {dag.py:3823} INFO - Setting next_dagrun for sensor_pipeline to None, run_after=None
[2026-03-30T14:59:35.073+0000] {processor.py:183} INFO - Processing /opt/airflow/dags/sensor_pipeline_dag.py took 0.112 seconds
[2026-03-30T15:00:05.204+0000] {processor.py:161} INFO - Started process (PID=993) to work on /opt/airflow/dags/sensor_pipeline_dag.py
[2026-03-30T15:00:05.205+0000] {processor.py:830} INFO - Processing file /opt/airflow/dags/sensor_pipeline_dag.py for tasks to queue
[2026-03-30T15:00:05.206+0000] {logging_mixin.py:188} INFO - [2026-03-30T15:00:05.205+0000] {dagbag.py:538} INFO - Filling up the DagBag from /opt/airflow/dags/sensor_pipeline_dag.py
[2026-03-30T15:00:05.215+0000] {processor.py:840} INFO - DAG(s) 'sensor_pipeline' retrieved from /opt/airflow/dags/sensor_pipeline_dag.py
[2026-03-30T15:00:05.245+0000] {logging_mixin.py:188} INFO - [2026-03-30T15:00:05.244+0000] {dag.py:3036} INFO - Sync 1 DAGs
[2026-03-30T15:00:05.256+0000] {logging_mixin.py:188} INFO - [2026-03-30T15:00:05.256+0000] {dag.py:3823} INFO - Setting next_dagrun for sensor_pipeline to None, run_after=None
[2026-03-30T15:00:05.281+0000] {processor.py:183} INFO - Processing /opt/airflow/dags/sensor_pipeline_dag.py took 0.080 seconds
[2026-03-30T15:00:35.357+0000] {processor.py:161} INFO - Started process (PID=1005) to work on /opt/airflow/dags/sensor_pipeline_dag.py
[2026-03-30T15:00:35.359+0000] {processor.py:830} INFO - Processing file /opt/airflow/dags/sensor_pipeline_dag.py for tasks to queue
[2026-03-30T15:00:35.360+0000] {logging_mixin.py:188} INFO - [2026-03-30T15:00:35.360+0000] {dagbag.py:538} INFO - Filling up the DagBag from /opt/airflow/dags/sensor_pipeline_dag.py
[2026-03-30T15:00:35.377+0000] {processor.py:840} INFO - DAG(s) 'sensor_pipeline' retrieved from /opt/airflow/dags/sensor_pipeline_dag.py
[2026-03-30T15:00:35.417+0000] {logging_mixin.py:188} INFO - [2026-03-30T15:00:35.416+0000] {dag.py:3036} INFO - Sync 1 DAGs
[2026-03-30T15:00:35.429+0000] {logging_mixin.py:188} INFO - [2026-03-30T15:00:35.429+0000] {dag.py:3823} INFO - Setting next_dagrun for sensor_pipeline to None, run_after=None
[2026-03-30T15:00:35.449+0000] {processor.py:183} INFO - Processing /opt/airflow/dags/sensor_pipeline_dag.py took 0.096 seconds
[2026-03-30T15:01:05.572+0000] {processor.py:161} INFO - Started process (PID=1017) to work on /opt/airflow/dags/sensor_pipeline_dag.py
[2026-03-30T15:01:05.574+0000] {processor.py:830} INFO - Processing file /opt/airflow/dags/sensor_pipeline_dag.py for tasks to queue
[2026-03-30T15:01:05.576+0000] {logging_mixin.py:188} INFO - [2026-03-30T15:01:05.575+0000] {dagbag.py:538} INFO - Filling up the DagBag from /opt/airflow/dags/sensor_pipeline_dag.py
[2026-03-30T15:01:05.597+0000] {processor.py:840} INFO - DAG(s) 'sensor_pipeline' retrieved from /opt/airflow/dags/sensor_pipeline_dag.py
[2026-03-30T15:01:05.646+0000] {logging_mixin.py:188} INFO - [2026-03-30T15:01:05.646+0000] {dag.py:3036} INFO - Sync 1 DAGs
[2026-03-30T15:01:05.668+0000] {logging_mixin.py:188} INFO - [2026-03-30T15:01:05.667+0000] {dag.py:3823} INFO - Setting next_dagrun for sensor_pipeline to None, run_after=None
[2026-03-30T15:01:05.707+0000] {processor.py:183} INFO - Processing /opt/airflow/dags/sensor_pipeline_dag.py took 0.141 seconds
[2026-03-30T15:01:35.877+0000] {processor.py:161} INFO - Started process (PID=1029) to work on /opt/airflow/dags/sensor_pipeline_dag.py
[2026-03-30T15:01:35.878+0000] {processor.py:830} INFO - Processing file /opt/airflow/dags/sensor_pipeline_dag.py for tasks to queue
[2026-03-30T15:01:35.879+0000] {logging_mixin.py:188} INFO - [2026-03-30T15:01:35.879+0000] {dagbag.py:538} INFO - Filling up the DagBag from /opt/airflow/dags/sensor_pipeline_dag.py
[2026-03-30T15:01:35.891+0000] {processor.py:840} INFO - DAG(s) 'sensor_pipeline' retrieved from /opt/airflow/dags/sensor_pipeline_dag.py
[2026-03-30T15:01:35.930+0000] {logging_mixin.py:188} INFO - [2026-03-30T15:01:35.930+0000] {dag.py:3036} INFO - Sync 1 DAGs
[2026-03-30T15:01:35.946+0000] {logging_mixin.py:188} INFO - [2026-03-30T15:01:35.946+0000] {dag.py:3823} INFO - Setting next_dagrun for sensor_pipeline to None, run_after=None
[2026-03-30T15:01:35.967+0000] {processor.py:183} INFO - Processing /opt/airflow/dags/sensor_pipeline_dag.py took 0.094 seconds
[2026-03-30T15:02:06.012+0000] {processor.py:161} INFO - Started process (PID=1041) to work on /opt/airflow/dags/sensor_pipeline_dag.py
[2026-03-30T15:02:06.014+0000] {processor.py:830} INFO - Processing file /opt/airflow/dags/sensor_pipeline_dag.py for tasks to queue
[2026-03-30T15:02:06.016+0000] {logging_mixin.py:188} INFO - [2026-03-30T15:02:06.015+0000] {dagbag.py:538} INFO - Filling up the DagBag from /opt/airflow/dags/sensor_pipeline_dag.py
[2026-03-30T15:02:06.029+0000] {processor.py:840} INFO - DAG(s) 'sensor_pipeline' retrieved from /opt/airflow/dags/sensor_pipeline_dag.py
[2026-03-30T15:02:06.057+0000] {logging_mixin.py:188} INFO - [2026-03-30T15:02:06.057+0000] {dag.py:3036} INFO - Sync 1 DAGs
[2026-03-30T15:02:06.068+0000] {logging_mixin.py:188} INFO - [2026-03-30T15:02:06.068+0000] {dag.py:3823} INFO - Setting next_dagrun for sensor_pipeline to None, run_after=None
[2026-03-30T15:02:06.091+0000] {processor.py:183} INFO - Processing /opt/airflow/dags/sensor_pipeline_dag.py took 0.083 seconds
