[2026-04-20T14:49:47.350+0000] {manager.py:483} INFO - Processing files using up to 2 processes at a time 
[2026-04-20T14:49:47.351+0000] {manager.py:484} INFO - Process each file at most once every 30 seconds
[2026-04-20T14:49:47.352+0000] {manager.py:485} INFO - Checking for new files in /opt/airflow/dags every 300 seconds
[2026-04-20T14:49:47.353+0000] {manager.py:821} INFO - Searching for files in /opt/airflow/dags
[2026-04-20T14:49:47.384+0000] {manager.py:824} INFO - There are 1 files in /opt/airflow/dags
[2026-04-20T14:49:47.568+0000] {manager.py:997} INFO - 
================================================================================
DAG File Processing Stats

File Path                              PID  Runtime      # DAGs    # Errors  Last Runtime    Last Run      Last # of DB Queries
-----------------------------------  -----  ---------  --------  ----------  --------------  ----------  ----------------------
/opt/airflow/dags/databricks_dag.py    173  0.04s             0           0                                                   0
================================================================================
[2026-04-20T14:50:17.855+0000] {manager.py:997} INFO - 
================================================================================
DAG File Processing Stats

File Path                              PID  Runtime      # DAGs    # Errors  Last Runtime    Last Run               Last # of DB Queries
-----------------------------------  -----  ---------  --------  ----------  --------------  -------------------  ----------------------
/opt/airflow/dags/databricks_dag.py    178  0.01s             0           1  0.14s           2026-04-20T14:49:47                       3
================================================================================
[2026-04-20T14:50:48.122+0000] {manager.py:997} INFO - 
================================================================================
DAG File Processing Stats

File Path                              PID  Runtime      # DAGs    # Errors  Last Runtime    Last Run               Last # of DB Queries
-----------------------------------  -----  ---------  --------  ----------  --------------  -------------------  ----------------------
/opt/airflow/dags/databricks_dag.py    183  0.00s             0           1  0.10s           2026-04-20T14:50:17                       5
================================================================================
[2026-04-20T14:51:18.563+0000] {manager.py:997} INFO - 
================================================================================
DAG File Processing Stats

File Path                            PID    Runtime      # DAGs    # Errors  Last Runtime    Last Run               Last # of DB Queries
-----------------------------------  -----  ---------  --------  ----------  --------------  -------------------  ----------------------
/opt/airflow/dags/databricks_dag.py                           0           1  0.12s           2026-04-20T14:50:54                       5
================================================================================
[2026-04-20T14:51:49.124+0000] {manager.py:997} INFO - 
================================================================================
DAG File Processing Stats

File Path                            PID    Runtime      # DAGs    # Errors  Last Runtime    Last Run               Last # of DB Queries
-----------------------------------  -----  ---------  --------  ----------  --------------  -------------------  ----------------------
/opt/airflow/dags/databricks_dag.py                           0           1  0.09s           2026-04-20T14:51:24                       5
================================================================================
[2026-04-20T14:52:19.602+0000] {manager.py:997} INFO - 
================================================================================
DAG File Processing Stats

File Path                            PID    Runtime      # DAGs    # Errors  Last Runtime    Last Run               Last # of DB Queries
-----------------------------------  -----  ---------  --------  ----------  --------------  -------------------  ----------------------
/opt/airflow/dags/databricks_dag.py                           0           1  0.09s           2026-04-20T14:51:55                       5
================================================================================
[2026-04-20T14:52:50.116+0000] {manager.py:997} INFO - 
================================================================================
DAG File Processing Stats

File Path                            PID    Runtime      # DAGs    # Errors  Last Runtime    Last Run               Last # of DB Queries
-----------------------------------  -----  ---------  --------  ----------  --------------  -------------------  ----------------------
/opt/airflow/dags/databricks_dag.py                           1           0  0.41s           2026-04-20T14:52:32                      24
================================================================================
[2026-04-20T14:53:20.479+0000] {manager.py:997} INFO - 
================================================================================
DAG File Processing Stats

File Path                            PID    Runtime      # DAGs    # Errors  Last Runtime    Last Run               Last # of DB Queries
-----------------------------------  -----  ---------  --------  ----------  --------------  -------------------  ----------------------
/opt/airflow/dags/databricks_dag.py                           1           0  0.23s           2026-04-20T14:53:02                      10
================================================================================
[2026-04-20T14:53:51.052+0000] {manager.py:997} INFO - 
================================================================================
DAG File Processing Stats

File Path                            PID    Runtime      # DAGs    # Errors  Last Runtime    Last Run               Last # of DB Queries
-----------------------------------  -----  ---------  --------  ----------  --------------  -------------------  ----------------------
/opt/airflow/dags/databricks_dag.py                           1           0  0.16s           2026-04-20T14:53:32                      10
================================================================================
[2026-04-20T14:54:21.521+0000] {manager.py:997} INFO - 
================================================================================
DAG File Processing Stats

File Path                            PID    Runtime      # DAGs    # Errors  Last Runtime    Last Run               Last # of DB Queries
-----------------------------------  -----  ---------  --------  ----------  --------------  -------------------  ----------------------
/opt/airflow/dags/databricks_dag.py                           1           0  0.28s           2026-04-20T14:54:03                      10
================================================================================
[2026-04-20T14:54:47.899+0000] {manager.py:821} INFO - Searching for files in /opt/airflow/dags
[2026-04-20T14:54:47.938+0000] {manager.py:824} INFO - There are 1 files in /opt/airflow/dags
[2026-04-20T14:54:51.988+0000] {manager.py:997} INFO - 
================================================================================
DAG File Processing Stats

File Path                            PID    Runtime      # DAGs    # Errors  Last Runtime    Last Run               Last # of DB Queries
-----------------------------------  -----  ---------  --------  ----------  --------------  -------------------  ----------------------
/opt/airflow/dags/databricks_dag.py                           1           0  0.21s           2026-04-20T14:54:33                      10
================================================================================
[2026-04-20T14:55:22.368+0000] {manager.py:997} INFO - 
================================================================================
DAG File Processing Stats

File Path                            PID    Runtime      # DAGs    # Errors  Last Runtime    Last Run               Last # of DB Queries
-----------------------------------  -----  ---------  --------  ----------  --------------  -------------------  ----------------------
/opt/airflow/dags/databricks_dag.py                           1           0  0.16s           2026-04-20T14:55:04                      10
================================================================================
[2026-04-20T14:55:52.683+0000] {manager.py:997} INFO - 
================================================================================
DAG File Processing Stats

File Path                            PID    Runtime      # DAGs    # Errors  Last Runtime    Last Run               Last # of DB Queries
-----------------------------------  -----  ---------  --------  ----------  --------------  -------------------  ----------------------
/opt/airflow/dags/databricks_dag.py                           1           0  0.16s           2026-04-20T14:55:34                      10
================================================================================
[2026-04-20T14:56:23.090+0000] {manager.py:997} INFO - 
================================================================================
DAG File Processing Stats

File Path                            PID    Runtime      # DAGs    # Errors  Last Runtime    Last Run               Last # of DB Queries
-----------------------------------  -----  ---------  --------  ----------  --------------  -------------------  ----------------------
/opt/airflow/dags/databricks_dag.py                           1           0  0.15s           2026-04-20T14:56:04                      10
================================================================================
[2026-04-20T14:56:53.599+0000] {manager.py:997} INFO - 
================================================================================
DAG File Processing Stats

File Path                            PID    Runtime      # DAGs    # Errors  Last Runtime    Last Run               Last # of DB Queries
-----------------------------------  -----  ---------  --------  ----------  --------------  -------------------  ----------------------
/opt/airflow/dags/databricks_dag.py                           1           0  0.18s           2026-04-20T14:56:35                      10
================================================================================
[2026-04-20T14:57:24.021+0000] {manager.py:997} INFO - 
================================================================================
DAG File Processing Stats

File Path                            PID    Runtime      # DAGs    # Errors  Last Runtime    Last Run               Last # of DB Queries
-----------------------------------  -----  ---------  --------  ----------  --------------  -------------------  ----------------------
/opt/airflow/dags/databricks_dag.py                           1           0  0.17s           2026-04-20T14:57:05                      10
================================================================================
[2026-04-20T14:57:54.885+0000] {manager.py:997} INFO - 
================================================================================
DAG File Processing Stats

File Path                            PID    Runtime      # DAGs    # Errors  Last Runtime    Last Run               Last # of DB Queries
-----------------------------------  -----  ---------  --------  ----------  --------------  -------------------  ----------------------
/opt/airflow/dags/databricks_dag.py                           1           0  0.30s           2026-04-20T14:57:36                      10
================================================================================
[2026-04-20T14:58:25.568+0000] {manager.py:997} INFO - 
================================================================================
DAG File Processing Stats

File Path                            PID    Runtime      # DAGs    # Errors  Last Runtime    Last Run               Last # of DB Queries
-----------------------------------  -----  ---------  --------  ----------  --------------  -------------------  ----------------------
/opt/airflow/dags/databricks_dag.py                           1           0  0.24s           2026-04-20T14:58:07                      10
================================================================================
[2026-04-20T14:58:55.958+0000] {manager.py:997} INFO - 
================================================================================
DAG File Processing Stats

File Path                            PID    Runtime      # DAGs    # Errors  Last Runtime    Last Run               Last # of DB Queries
-----------------------------------  -----  ---------  --------  ----------  --------------  -------------------  ----------------------
/opt/airflow/dags/databricks_dag.py                           1           0  0.24s           2026-04-20T14:58:37                      10
================================================================================
[2026-04-20T14:59:26.287+0000] {manager.py:997} INFO - 
================================================================================
DAG File Processing Stats

File Path                            PID    Runtime      # DAGs    # Errors  Last Runtime    Last Run               Last # of DB Queries
-----------------------------------  -----  ---------  --------  ----------  --------------  -------------------  ----------------------
/opt/airflow/dags/databricks_dag.py                           1           0  0.17s           2026-04-20T14:59:08                      10
================================================================================
[2026-04-20T14:59:48.628+0000] {manager.py:821} INFO - Searching for files in /opt/airflow/dags
[2026-04-20T14:59:48.659+0000] {manager.py:824} INFO - There are 1 files in /opt/airflow/dags
[2026-04-20T14:59:56.767+0000] {manager.py:997} INFO - 
================================================================================
DAG File Processing Stats

File Path                            PID    Runtime      # DAGs    # Errors  Last Runtime    Last Run               Last # of DB Queries
-----------------------------------  -----  ---------  --------  ----------  --------------  -------------------  ----------------------
/opt/airflow/dags/databricks_dag.py                           1           0  0.15s           2026-04-20T14:59:38                      10
================================================================================
[2026-04-20T15:00:27.143+0000] {manager.py:997} INFO - 
================================================================================
DAG File Processing Stats

File Path                            PID    Runtime      # DAGs    # Errors  Last Runtime    Last Run               Last # of DB Queries
-----------------------------------  -----  ---------  --------  ----------  --------------  -------------------  ----------------------
/opt/airflow/dags/databricks_dag.py                           1           0  0.32s           2026-04-20T15:00:09                      10
================================================================================
[2026-04-20T15:00:57.761+0000] {manager.py:997} INFO - 
================================================================================
DAG File Processing Stats

File Path                            PID    Runtime      # DAGs    # Errors  Last Runtime    Last Run               Last # of DB Queries
-----------------------------------  -----  ---------  --------  ----------  --------------  -------------------  ----------------------
/opt/airflow/dags/databricks_dag.py                           1           0  0.47s           2026-04-20T15:00:39                      10
================================================================================
[2026-04-20T15:01:28.666+0000] {manager.py:997} INFO - 
================================================================================
DAG File Processing Stats

File Path                            PID    Runtime      # DAGs    # Errors  Last Runtime    Last Run               Last # of DB Queries
-----------------------------------  -----  ---------  --------  ----------  --------------  -------------------  ----------------------
/opt/airflow/dags/databricks_dag.py                           1           0  0.31s           2026-04-20T15:01:10                      10
================================================================================
[2026-04-20T15:01:59.024+0000] {manager.py:997} INFO - 
================================================================================
DAG File Processing Stats

File Path                            PID    Runtime      # DAGs    # Errors  Last Runtime    Last Run               Last # of DB Queries
-----------------------------------  -----  ---------  --------  ----------  --------------  -------------------  ----------------------
/opt/airflow/dags/databricks_dag.py                           1           0  0.21s           2026-04-20T15:01:40                      10
================================================================================
[2026-04-20T15:02:29.429+0000] {manager.py:997} INFO - 
================================================================================
DAG File Processing Stats

File Path                            PID    Runtime      # DAGs    # Errors  Last Runtime    Last Run               Last # of DB Queries
-----------------------------------  -----  ---------  --------  ----------  --------------  -------------------  ----------------------
/opt/airflow/dags/databricks_dag.py                           1           0  0.18s           2026-04-20T15:02:11                      10
================================================================================
[2026-04-20T15:02:59.811+0000] {manager.py:997} INFO - 
================================================================================
DAG File Processing Stats

File Path                            PID    Runtime      # DAGs    # Errors  Last Runtime    Last Run               Last # of DB Queries
-----------------------------------  -----  ---------  --------  ----------  --------------  -------------------  ----------------------
/opt/airflow/dags/databricks_dag.py                           1           0  0.27s           2026-04-20T15:02:41                      10
================================================================================
[2026-04-20T15:03:30.527+0000] {manager.py:997} INFO - 
================================================================================
DAG File Processing Stats

File Path                            PID    Runtime      # DAGs    # Errors  Last Runtime    Last Run               Last # of DB Queries
-----------------------------------  -----  ---------  --------  ----------  --------------  -------------------  ----------------------
/opt/airflow/dags/databricks_dag.py                           1           0  0.17s           2026-04-20T15:03:12                      10
================================================================================
[2026-04-20T15:03:40.392+0000] {manager.py:465} INFO - Exiting gracefully upon receiving signal 15
