[2026-03-30T14:47:19.150+0000] {manager.py:469} INFO - Processing files using up to 2 processes at a time 
[2026-03-30T14:47:19.154+0000] {manager.py:470} INFO - Process each file at most once every 30 seconds
[2026-03-30T14:47:19.154+0000] {manager.py:471} INFO - Checking for new files in /opt/airflow/dags every 300 seconds
[2026-03-30T14:47:19.156+0000] {manager.py:738} INFO - Searching for files in /opt/airflow/dags
[2026-03-30T14:47:19.164+0000] {manager.py:741} INFO - There are 1 files in /opt/airflow/dags
[2026-03-30T14:47:20.534+0000] {manager.py:879} INFO - 
================================================================================
DAG File Processing Stats

File Path                                   PID  Runtime      # DAGs    # Errors  Last Runtime    Last Run
----------------------------------------  -----  ---------  --------  ----------  --------------  ----------
/opt/airflow/dags/sensor_pipeline_dag.py    210  0.47s             0           0
================================================================================
[2026-03-30T14:47:50.730+0000] {manager.py:879} INFO - 
================================================================================
DAG File Processing Stats

File Path                                 PID    Runtime      # DAGs    # Errors  Last Runtime    Last Run
----------------------------------------  -----  ---------  --------  ----------  --------------  -------------------
/opt/airflow/dags/sensor_pipeline_dag.py                           1           0  0.71s           2026-03-30T14:47:20
================================================================================
[2026-03-30T14:48:21.022+0000] {manager.py:879} INFO - 
================================================================================
DAG File Processing Stats

File Path                                 PID    Runtime      # DAGs    # Errors  Last Runtime    Last Run
----------------------------------------  -----  ---------  --------  ----------  --------------  -------------------
/opt/airflow/dags/sensor_pipeline_dag.py                           1           0  0.28s           2026-03-30T14:47:51
================================================================================
[2026-03-30T14:48:51.484+0000] {manager.py:879} INFO - 
================================================================================
DAG File Processing Stats

File Path                                 PID    Runtime      # DAGs    # Errors  Last Runtime    Last Run
----------------------------------------  -----  ---------  --------  ----------  --------------  -------------------
/opt/airflow/dags/sensor_pipeline_dag.py                           1           0  0.27s           2026-03-30T14:48:21
================================================================================
[2026-03-30T14:49:21.854+0000] {manager.py:879} INFO - 
================================================================================
DAG File Processing Stats

File Path                                 PID    Runtime      # DAGs    # Errors  Last Runtime    Last Run
----------------------------------------  -----  ---------  --------  ----------  --------------  -------------------
/opt/airflow/dags/sensor_pipeline_dag.py                           1           0  0.15s           2026-03-30T14:48:51
================================================================================
[2026-03-30T14:49:52.173+0000] {manager.py:879} INFO - 
================================================================================
DAG File Processing Stats

File Path                                 PID    Runtime      # DAGs    # Errors  Last Runtime    Last Run
----------------------------------------  -----  ---------  --------  ----------  --------------  -------------------
/opt/airflow/dags/sensor_pipeline_dag.py                           1           0  0.37s           2026-03-30T14:49:22
================================================================================
[2026-03-30T14:50:22.337+0000] {manager.py:879} INFO - 
================================================================================
DAG File Processing Stats

File Path                                 PID    Runtime      # DAGs    # Errors  Last Runtime    Last Run
----------------------------------------  -----  ---------  --------  ----------  --------------  -------------------
/opt/airflow/dags/sensor_pipeline_dag.py                           1           0  0.73s           2026-03-30T14:49:53
================================================================================
[2026-03-30T14:50:52.531+0000] {manager.py:879} INFO - 
================================================================================
DAG File Processing Stats

File Path                                 PID    Runtime      # DAGs    # Errors  Last Runtime    Last Run
----------------------------------------  -----  ---------  --------  ----------  --------------  -------------------
/opt/airflow/dags/sensor_pipeline_dag.py                           1           0  0.19s           2026-03-30T14:50:23
================================================================================
[2026-03-30T14:51:22.886+0000] {manager.py:879} INFO - 
================================================================================
DAG File Processing Stats

File Path                                 PID    Runtime      # DAGs    # Errors  Last Runtime    Last Run
----------------------------------------  -----  ---------  --------  ----------  --------------  -------------------
/opt/airflow/dags/sensor_pipeline_dag.py                           1           0  0.74s           2026-03-30T14:50:54
================================================================================
[2026-03-30T14:51:52.892+0000] {manager.py:879} INFO - 
================================================================================
DAG File Processing Stats

File Path                                 PID    Runtime      # DAGs    # Errors  Last Runtime    Last Run
----------------------------------------  -----  ---------  --------  ----------  --------------  -------------------
/opt/airflow/dags/sensor_pipeline_dag.py                           1           0  5.21s           2026-03-30T14:51:29
================================================================================
[2026-03-30T14:52:19.285+0000] {manager.py:738} INFO - Searching for files in /opt/airflow/dags
[2026-03-30T14:52:19.287+0000] {manager.py:741} INFO - There are 1 files in /opt/airflow/dags
[2026-03-30T14:52:23.082+0000] {manager.py:879} INFO - 
================================================================================
DAG File Processing Stats

File Path                                 PID    Runtime      # DAGs    # Errors  Last Runtime    Last Run
----------------------------------------  -----  ---------  --------  ----------  --------------  -------------------
/opt/airflow/dags/sensor_pipeline_dag.py                           1           0  0.28s           2026-03-30T14:52:00
================================================================================
[2026-03-30T14:52:53.451+0000] {manager.py:879} INFO - 
================================================================================
DAG File Processing Stats

File Path                                 PID    Runtime      # DAGs    # Errors  Last Runtime    Last Run
----------------------------------------  -----  ---------  --------  ----------  --------------  -------------------
/opt/airflow/dags/sensor_pipeline_dag.py                           1           0  0.13s           2026-03-30T14:52:30
================================================================================
[2026-03-30T14:53:23.720+0000] {manager.py:879} INFO - 
================================================================================
DAG File Processing Stats

File Path                                 PID    Runtime      # DAGs    # Errors  Last Runtime    Last Run
----------------------------------------  -----  ---------  --------  ----------  --------------  -------------------
/opt/airflow/dags/sensor_pipeline_dag.py                           1           0  0.24s           2026-03-30T14:53:00
================================================================================
[2026-03-30T14:53:54.060+0000] {manager.py:879} INFO - 
================================================================================
DAG File Processing Stats

File Path                                 PID    Runtime      # DAGs    # Errors  Last Runtime    Last Run
----------------------------------------  -----  ---------  --------  ----------  --------------  -------------------
/opt/airflow/dags/sensor_pipeline_dag.py                           1           0  1.11s           2026-03-30T14:53:31
================================================================================
[2026-03-30T14:54:24.303+0000] {manager.py:879} INFO - 
================================================================================
DAG File Processing Stats

File Path                                 PID    Runtime      # DAGs    # Errors  Last Runtime    Last Run
----------------------------------------  -----  ---------  --------  ----------  --------------  -------------------
/opt/airflow/dags/sensor_pipeline_dag.py                           1           0  0.18s           2026-03-30T14:54:02
================================================================================
[2026-03-30T14:54:54.539+0000] {manager.py:879} INFO - 
================================================================================
DAG File Processing Stats

File Path                                 PID    Runtime      # DAGs    # Errors  Last Runtime    Last Run
----------------------------------------  -----  ---------  --------  ----------  --------------  -------------------
/opt/airflow/dags/sensor_pipeline_dag.py                           1           0  0.20s           2026-03-30T14:54:32
================================================================================
[2026-03-30T14:55:24.758+0000] {manager.py:879} INFO - 
================================================================================
DAG File Processing Stats

File Path                                 PID    Runtime      # DAGs    # Errors  Last Runtime    Last Run
----------------------------------------  -----  ---------  --------  ----------  --------------  -------------------
/opt/airflow/dags/sensor_pipeline_dag.py                           1           0  0.11s           2026-03-30T14:55:02
================================================================================
[2026-03-30T14:55:54.907+0000] {manager.py:879} INFO - 
================================================================================
DAG File Processing Stats

File Path                                 PID    Runtime      # DAGs    # Errors  Last Runtime    Last Run
----------------------------------------  -----  ---------  --------  ----------  --------------  -------------------
/opt/airflow/dags/sensor_pipeline_dag.py                           1           0  0.17s           2026-03-30T14:55:32
================================================================================
[2026-03-30T14:56:25.188+0000] {manager.py:879} INFO - 
================================================================================
DAG File Processing Stats

File Path                                 PID    Runtime      # DAGs    # Errors  Last Runtime    Last Run
----------------------------------------  -----  ---------  --------  ----------  --------------  -------------------
/opt/airflow/dags/sensor_pipeline_dag.py                           1           0  0.11s           2026-03-30T14:56:03
================================================================================
[2026-03-30T14:56:55.410+0000] {manager.py:879} INFO - 
================================================================================
DAG File Processing Stats

File Path                                 PID    Runtime      # DAGs    # Errors  Last Runtime    Last Run
----------------------------------------  -----  ---------  --------  ----------  --------------  -------------------
/opt/airflow/dags/sensor_pipeline_dag.py                           1           0  0.15s           2026-03-30T14:56:33
================================================================================
[2026-03-30T14:57:19.616+0000] {manager.py:738} INFO - Searching for files in /opt/airflow/dags
[2026-03-30T14:57:19.617+0000] {manager.py:741} INFO - There are 1 files in /opt/airflow/dags
[2026-03-30T14:57:25.663+0000] {manager.py:879} INFO - 
================================================================================
DAG File Processing Stats

File Path                                 PID    Runtime      # DAGs    # Errors  Last Runtime    Last Run
----------------------------------------  -----  ---------  --------  ----------  --------------  -------------------
/opt/airflow/dags/sensor_pipeline_dag.py                           1           0  0.29s           2026-03-30T14:57:03
================================================================================
[2026-03-30T14:57:55.976+0000] {manager.py:879} INFO - 
================================================================================
DAG File Processing Stats

File Path                                 PID    Runtime      # DAGs    # Errors  Last Runtime    Last Run
----------------------------------------  -----  ---------  --------  ----------  --------------  -------------------
/opt/airflow/dags/sensor_pipeline_dag.py                           1           0  0.22s           2026-03-30T14:57:34
================================================================================
[2026-03-30T14:58:26.319+0000] {manager.py:879} INFO - 
================================================================================
DAG File Processing Stats

File Path                                 PID    Runtime      # DAGs    # Errors  Last Runtime    Last Run
----------------------------------------  -----  ---------  --------  ----------  --------------  -------------------
/opt/airflow/dags/sensor_pipeline_dag.py                           1           0  0.11s           2026-03-30T14:58:04
================================================================================
[2026-03-30T14:58:56.550+0000] {manager.py:879} INFO - 
================================================================================
DAG File Processing Stats

File Path                                 PID    Runtime      # DAGs    # Errors  Last Runtime    Last Run
----------------------------------------  -----  ---------  --------  ----------  --------------  -------------------
/opt/airflow/dags/sensor_pipeline_dag.py                           1           0  0.16s           2026-03-30T14:58:34
================================================================================
[2026-03-30T14:59:26.760+0000] {manager.py:879} INFO - 
================================================================================
DAG File Processing Stats

File Path                                 PID    Runtime      # DAGs    # Errors  Last Runtime    Last Run
----------------------------------------  -----  ---------  --------  ----------  --------------  -------------------
/opt/airflow/dags/sensor_pipeline_dag.py                           1           0  0.21s           2026-03-30T14:59:04
================================================================================
[2026-03-30T14:59:57.043+0000] {manager.py:879} INFO - 
================================================================================
DAG File Processing Stats

File Path                                 PID    Runtime      # DAGs    # Errors  Last Runtime    Last Run
----------------------------------------  -----  ---------  --------  ----------  --------------  -------------------
/opt/airflow/dags/sensor_pipeline_dag.py                           1           0  0.14s           2026-03-30T14:59:35
================================================================================
[2026-03-30T15:00:27.299+0000] {manager.py:879} INFO - 
================================================================================
DAG File Processing Stats

File Path                                 PID    Runtime      # DAGs    # Errors  Last Runtime    Last Run
----------------------------------------  -----  ---------  --------  ----------  --------------  -------------------
/opt/airflow/dags/sensor_pipeline_dag.py                           1           0  0.10s           2026-03-30T15:00:05
================================================================================
[2026-03-30T15:00:57.501+0000] {manager.py:879} INFO - 
================================================================================
DAG File Processing Stats

File Path                                 PID    Runtime      # DAGs    # Errors  Last Runtime    Last Run
----------------------------------------  -----  ---------  --------  ----------  --------------  -------------------
/opt/airflow/dags/sensor_pipeline_dag.py                           1           0  0.12s           2026-03-30T15:00:35
================================================================================
[2026-03-30T15:01:27.691+0000] {manager.py:879} INFO - 
================================================================================
DAG File Processing Stats

File Path                                 PID    Runtime      # DAGs    # Errors  Last Runtime    Last Run
----------------------------------------  -----  ---------  --------  ----------  --------------  -------------------
/opt/airflow/dags/sensor_pipeline_dag.py                           1           0  0.19s           2026-03-30T15:01:05
================================================================================
[2026-03-30T15:01:57.958+0000] {manager.py:879} INFO - 
================================================================================
DAG File Processing Stats

File Path                                 PID    Runtime      # DAGs    # Errors  Last Runtime    Last Run
----------------------------------------  -----  ---------  --------  ----------  --------------  -------------------
/opt/airflow/dags/sensor_pipeline_dag.py                           1           0  0.12s           2026-03-30T15:01:35
================================================================================
[2026-03-30T15:02:20.186+0000] {manager.py:738} INFO - Searching for files in /opt/airflow/dags
[2026-03-30T15:02:20.188+0000] {manager.py:741} INFO - There are 1 files in /opt/airflow/dags
[2026-03-30T15:02:26.261+0000] {manager.py:1129} WARNING - Skipping processing of missing file: /opt/airflow/dags/sensor_pipeline_dag.py
